{"D:\\git\\RewardPointsTracker\\src\\common\\calculateResults.js": {"path":"D:\\git\\RewardPointsTracker\\src\\common\\calculateResults.js","statementMap":{"0":{"start":{"line":3,"column":19},"end":{"line":3,"column":103}},"1":{"start":{"line":4,"column":33},"end":{"line":19,"column":6}},"2":{"start":{"line":6,"column":19},"end":{"line":6,"column":20}},"3":{"start":{"line":7,"column":20},"end":{"line":7,"column":41}},"4":{"start":{"line":9,"column":6},"end":{"line":12,"column":7}},"5":{"start":{"line":11,"column":8},"end":{"line":11,"column":41}},"6":{"start":{"line":13,"column":6},"end":{"line":16,"column":7}},"7":{"start":{"line":15,"column":8},"end":{"line":15,"column":39}},"8":{"start":{"line":17,"column":20},"end":{"line":17,"column":66}},"9":{"start":{"line":18,"column":6},"end":{"line":18,"column":47}},"10":{"start":{"line":20,"column":21},"end":{"line":20,"column":23}},"11":{"start":{"line":21,"column":32},"end":{"line":21,"column":34}},"12":{"start":{"line":22,"column":4},"end":{"line":50,"column":7}},"13":{"start":{"line":23,"column":48},"end":{"line":23,"column":68}},"14":{"start":{"line":24,"column":6},"end":{"line":26,"column":7}},"15":{"start":{"line":25,"column":8},"end":{"line":25,"column":32}},"16":{"start":{"line":27,"column":6},"end":{"line":29,"column":7}},"17":{"start":{"line":28,"column":8},"end":{"line":28,"column":65}},"18":{"start":{"line":30,"column":6},"end":{"line":30,"column":51}},"19":{"start":{"line":31,"column":6},"end":{"line":31,"column":45}},"20":{"start":{"line":33,"column":6},"end":{"line":49,"column":7}},"21":{"start":{"line":34,"column":8},"end":{"line":34,"column":51}},"22":{"start":{"line":35,"column":8},"end":{"line":35,"column":54}},"23":{"start":{"line":36,"column":8},"end":{"line":36,"column":52}},"24":{"start":{"line":37,"column":8},"end":{"line":37,"column":45}},"25":{"start":{"line":40,"column":8},"end":{"line":48,"column":9}},"26":{"start":{"line":51,"column":14},"end":{"line":51,"column":16}},"27":{"start":{"line":52,"column":4},"end":{"line":56,"column":5}},"28":{"start":{"line":53,"column":6},"end":{"line":55,"column":9}},"29":{"start":{"line":54,"column":8},"end":{"line":54,"column":23}},"30":{"start":{"line":58,"column":24},"end":{"line":58,"column":26}},"31":{"start":{"line":59,"column":4},"end":{"line":65,"column":5}},"32":{"start":{"line":60,"column":6},"end":{"line":64,"column":9}},"33":{"start":{"line":66,"column":4},"end":{"line":70,"column":6}}},"fnMap":{"0":{"name":"calculateResults","decl":{"start":{"line":1,"column":16},"end":{"line":1,"column":32}},"loc":{"start":{"line":1,"column":47},"end":{"line":71,"column":3}},"line":1},"1":{"name":"(anonymous_1)","decl":{"start":{"line":4,"column":50},"end":{"line":4,"column":51}},"loc":{"start":{"line":4,"column":65},"end":{"line":19,"column":5}},"line":4},"2":{"name":"(anonymous_2)","decl":{"start":{"line":22,"column":33},"end":{"line":22,"column":34}},"loc":{"start":{"line":22,"column":57},"end":{"line":50,"column":5}},"line":22},"3":{"name":"(anonymous_3)","decl":{"start":{"line":53,"column":34},"end":{"line":53,"column":35}},"loc":{"start":{"line":53,"column":42},"end":{"line":55,"column":7}},"line":53}},"branchMap":{"0":{"loc":{"start":{"line":9,"column":6},"end":{"line":12,"column":7}},"type":"if","locations":[{"start":{"line":9,"column":6},"end":{"line":12,"column":7}},{"start":{},"end":{}}],"line":9},"1":{"loc":{"start":{"line":13,"column":6},"end":{"line":16,"column":7}},"type":"if","locations":[{"start":{"line":13,"column":6},"end":{"line":16,"column":7}},{"start":{},"end":{}}],"line":13},"2":{"loc":{"start":{"line":13,"column":10},"end":{"line":13,"column":57}},"type":"binary-expr","locations":[{"start":{"line":13,"column":10},"end":{"line":13,"column":31}},{"start":{"line":13,"column":35},"end":{"line":13,"column":57}}],"line":13},"3":{"loc":{"start":{"line":24,"column":6},"end":{"line":26,"column":7}},"type":"if","locations":[{"start":{"line":24,"column":6},"end":{"line":26,"column":7}},{"start":{},"end":{}}],"line":24},"4":{"loc":{"start":{"line":27,"column":6},"end":{"line":29,"column":7}},"type":"if","locations":[{"start":{"line":27,"column":6},"end":{"line":29,"column":7}},{"start":{},"end":{}}],"line":27},"5":{"loc":{"start":{"line":33,"column":6},"end":{"line":49,"column":7}},"type":"if","locations":[{"start":{"line":33,"column":6},"end":{"line":49,"column":7}},{"start":{"line":39,"column":11},"end":{"line":49,"column":7}}],"line":33}},"s":{"0":6,"1":6,"2":16,"3":16,"4":16,"5":7,"6":16,"7":6,"8":16,"9":16,"10":1,"11":1,"12":1,"13":16,"14":16,"15":3,"16":16,"17":3,"18":16,"19":16,"20":16,"21":9,"22":9,"23":9,"24":9,"25":7,"26":1,"27":1,"28":3,"29":7,"30":1,"31":1,"32":3,"33":1},"f":{"0":6,"1":16,"2":16,"3":7},"b":{"0":[7,9],"1":[6,10],"2":[16,13],"3":[3,13],"4":[3,13],"5":[9,7]},"_coverageSchema":"1a1c01bbd47fc00a2c39e90264f33305004495a9","hash":"d3f04774fa1417fc9e7ba4b1c50d03d6580e194a"}
}
