TN:
SF:src\common\calculateResults.js
FN:1,calculateResults
FN:4,(anonymous_1)
FN:22,(anonymous_2)
FN:53,(anonymous_3)
FNF:4
FNH:4
FNDA:6,calculateResults
FNDA:16,(anonymous_1)
FNDA:16,(anonymous_2)
FNDA:7,(anonymous_3)
DA:3,6
DA:4,6
DA:6,16
DA:7,16
DA:9,16
DA:11,7
DA:13,16
DA:15,6
DA:17,16
DA:18,16
DA:20,1
DA:21,1
DA:22,1
DA:23,16
DA:24,16
DA:25,3
DA:27,16
DA:28,3
DA:30,16
DA:31,16
DA:33,16
DA:34,9
DA:35,9
DA:36,9
DA:37,9
DA:40,7
DA:51,1
DA:52,1
DA:53,3
DA:54,7
DA:58,1
DA:59,1
DA:60,3
DA:66,1
LF:34
LH:34
BRDA:9,0,0,7
BRDA:9,0,1,9
BRDA:13,1,0,6
BRDA:13,1,1,10
BRDA:13,2,0,16
BRDA:13,2,1,13
BRDA:24,3,0,3
BRDA:24,3,1,13
BRDA:27,4,0,3
BRDA:27,4,1,13
BRDA:33,5,0,9
BRDA:33,5,1,7
BRF:12
BRH:12
end_of_record
